[   19045ms] [ERROR] Refused to get unsafe header "X-Sg-Cs" @ https://www.google.com/search?q=ascendTMS&oq=ascendT&gs_lcrp=EgZjaHJvbWUqDggAEEUYOxhDGIAEGIoFMg4IABBFGDsYQxiABBiKBTIGCAEQRRg5MgcIAhAAGIAEMg0IAxAuGK8BGMcBGIAEMgkIBBAAGAoYgAQyBwgFEAAYgAQyBwgGEAAYgAQyBwgHEAAYgAQyDwgIEC4YChjHARjRAxiABDIHCAkQABiABKgCB7ACAfEFdiKsopmyFWs&sourceid=chrome&ie=UTF-8:56
[   19045ms] [ERROR] Refused to get unsafe header "X-Sorry-Redirect" @ https://www.google.com/search?q=ascendTMS&oq=ascendT&gs_lcrp=EgZjaHJvbWUqDggAEEUYOxhDGIAEGIoFMg4IABBFGDsYQxiABBiKBTIGCAEQRRg5MgcIAhAAGIAEMg0IAxAuGK8BGMcBGIAEMgkIBBAAGAoYgAQyBwgFEAAYgAQyBwgGEAAYgAQyBwgHEAAYgAQyDwgIEC4YChjHARjRAxiABDIHCAkQABiABKgCB7ACAfEFdiKsopmyFWs&sourceid=chrome&ie=UTF-8:56
[   19787ms] [ERROR] Refused to get unsafe header "X-Sg-Cs" @ https://www.google.com/search?q=ascendTMS&oq=ascendT&gs_lcrp=EgZjaHJvbWUqDggAEEUYOxhDGIAEGIoFMg4IABBFGDsYQxiABBiKBTIGCAEQRRg5MgcIAhAAGIAEMg0IAxAuGK8BGMcBGIAEMgkIBBAAGAoYgAQyBwgFEAAYgAQyBwgGEAAYgAQyBwgHEAAYgAQyDwgIEC4YChjHARjRAxiABDIHCAkQABiABKgCB7ACAfEFdiKsopmyFWs&sourceid=chrome&ie=UTF-8:56
[   19787ms] [ERROR] Refused to get unsafe header "X-Sorry-Redirect" @ https://www.google.com/search?q=ascendTMS&oq=ascendT&gs_lcrp=EgZjaHJvbWUqDggAEEUYOxhDGIAEGIoFMg4IABBFGDsYQxiABBiKBTIGCAEQRRg5MgcIAhAAGIAEMg0IAxAuGK8BGMcBGIAEMgkIBBAAGAoYgAQyBwgFEAAYgAQyBwgGEAAYgAQyBwgHEAAYgAQyDwgIEC4YChjHARjRAxiABDIHCAkQABiABKgCB7ACAfEFdiKsopmyFWs&sourceid=chrome&ie=UTF-8:56
[   20050ms] [ERROR] Refused to get unsafe header "X-Sg-Cs" @ https://www.google.com/search?q=ascendTMS&oq=ascendT&gs_lcrp=EgZjaHJvbWUqDggAEEUYOxhDGIAEGIoFMg4IABBFGDsYQxiABBiKBTIGCAEQRRg5MgcIAhAAGIAEMg0IAxAuGK8BGMcBGIAEMgkIBBAAGAoYgAQyBwgFEAAYgAQyBwgGEAAYgAQyBwgHEAAYgAQyDwgIEC4YChjHARjRAxiABDIHCAkQABiABKgCB7ACAfEFdiKsopmyFWs&sourceid=chrome&ie=UTF-8:56
[   20050ms] [ERROR] Refused to get unsafe header "X-Sorry-Redirect" @ https://www.google.com/search?q=ascendTMS&oq=ascendT&gs_lcrp=EgZjaHJvbWUqDggAEEUYOxhDGIAEGIoFMg4IABBFGDsYQxiABBiKBTIGCAEQRRg5MgcIAhAAGIAEMg0IAxAuGK8BGMcBGIAEMgkIBBAAGAoYgAQyBwgFEAAYgAQyBwgGEAAYgAQyBwgHEAAYgAQyDwgIEC4YChjHARjRAxiABDIHCAkQABiABKgCB7ACAfEFdiKsopmyFWs&sourceid=chrome&ie=UTF-8:56
[   22162ms] TypeError: Cannot read properties of null (reading 'addEventListener')
    at HTMLDocument.<anonymous> (https://www.aljex.com/wp-content/plugins/descartes-linkedin-popup/assets/dist/main.js?ver=1.0.0:1:321)
[   23760ms] [WARNING] Allow attribute will take precedence over 'allowfullscreen'. @ https://cmp.osano.com/16A19lSx5Gc7L3SIB/12775646-11e5-489e-a202-524c26b0d262/osano.js:0
[   27163ms] TypeError: Cannot read properties of null (reading 'classList')
    at https://www.aljex.com/wp-content/plugins/descartes-linkedin-popup/assets/dist/main.js?ver=1.0.0:1:290
[   27721ms] TypeError: Cannot read properties of null (reading 'addEventListener')
    at HTMLDocument.<anonymous> (https://www.aljex.com/wp-content/plugins/descartes-linkedin-popup/assets/dist/main.js?ver=1.0.0:1:321)
[   28135ms] [WARNING] Allow attribute will take precedence over 'allowfullscreen'. @ https://cmp.osano.com/16A19lSx5Gc7L3SIB/12775646-11e5-489e-a202-524c26b0d262/osano.js:0
[   32723ms] TypeError: Cannot read properties of null (reading 'classList')
    at https://www.aljex.com/wp-content/plugins/descartes-linkedin-popup/assets/dist/main.js?ver=1.0.0:1:290
[   41844ms] TypeError: Cannot read properties of null (reading 'addEventListener')
    at HTMLDocument.<anonymous> (https://www.aljex.com/wp-content/plugins/descartes-linkedin-popup/assets/dist/main.js?ver=1.0.0:1:321)
[   42934ms] [WARNING] Allow attribute will take precedence over 'allowfullscreen'. @ https://cmp.osano.com/16A19lSx5Gc7L3SIB/12775646-11e5-489e-a202-524c26b0d262/osano.js:0
[   46839ms] TypeError: Cannot read properties of null (reading 'classList')
    at https://www.aljex.com/wp-content/plugins/descartes-linkedin-popup/assets/dist/main.js?ver=1.0.0:1:290
[   58037ms] [ERROR] Refused to get unsafe header "X-Sg-Cs" @ https://www.google.com/search?q=trimble+tms&oq=trimble+tms&gs_lcrp=EgZjaHJvbWUyBggAEEUYOTIHCAEQABiABDIICAIQABgWGB4yCAgDEAAYFhgeMggIBBAAGBYYHjIICAUQABgWGB4yCAgGEAAYFhgeMggIBxAAGBYYHjIICAgQABgWGB4yCAgJEAAYFhge0gEIMTUxM2owajSoAgCwAgE&sourceid=chrome&ie=UTF-8:49
[   58037ms] [ERROR] Refused to get unsafe header "X-Sorry-Redirect" @ https://www.google.com/search?q=trimble+tms&oq=trimble+tms&gs_lcrp=EgZjaHJvbWUyBggAEEUYOTIHCAEQABiABDIICAIQABgWGB4yCAgDEAAYFhgeMggIBBAAGBYYHjIICAUQABgWGB4yCAgGEAAYFhgeMggIBxAAGBYYHjIICAgQABgWGB4yCAgJEAAYFhge0gEIMTUxM2owajSoAgCwAgE&sourceid=chrome&ie=UTF-8:49
[   58079ms] [ERROR] Refused to get unsafe header "X-Sg-Cs" @ https://www.google.com/search?q=trimble+tms&oq=trimble+tms&gs_lcrp=EgZjaHJvbWUyBggAEEUYOTIHCAEQABiABDIICAIQABgWGB4yCAgDEAAYFhgeMggIBBAAGBYYHjIICAUQABgWGB4yCAgGEAAYFhgeMggIBxAAGBYYHjIICAgQABgWGB4yCAgJEAAYFhge0gEIMTUxM2owajSoAgCwAgE&sourceid=chrome&ie=UTF-8:49
[   58079ms] [ERROR] Refused to get unsafe header "X-Sorry-Redirect" @ https://www.google.com/search?q=trimble+tms&oq=trimble+tms&gs_lcrp=EgZjaHJvbWUyBggAEEUYOTIHCAEQABiABDIICAIQABgWGB4yCAgDEAAYFhgeMggIBBAAGBYYHjIICAUQABgWGB4yCAgGEAAYFhgeMggIBxAAGBYYHjIICAgQABgWGB4yCAgJEAAYFhge0gEIMTUxM2owajSoAgCwAgE&sourceid=chrome&ie=UTF-8:49
[   61831ms] [ERROR] Failed to load resource: the server responded with a status of 429 () @ https://opps-api.getwarmly.com/api/sessions/trpc/sessions.createSession:0
